     1                                  ;[(d/2)*(c+b)-a*a]/b
     2                                  bits 32
     3                                  
     4                                  global start
     5                                  
     6                                  extern exit
     7                                  
     8                                  import exit msvcrt.dll
     9                                  
    10                                  segment data use32 class=data
    11 00000000 05                          a db 5
    12 00000001 04                          b db 4
    13 00000002 05                          c db 5
    14 00000003 6400                        d dw 100
    15 00000005 02                          f db 2
    16                                      
    17                                      
    18                                  segment code use32 class=code
    19                                  start:
    20 00000000 66A1[03000000]              mov AX, [d]
    21 00000006 F635[05000000]              div BYTE [f]   ; AL = d/2
    22                                      
    23 0000000C 8A25[02000000]              mov AH, [c]
    24 00000012 0225[01000000]              add AH, [b]  ; AH = c + b
    25                                      
    26 00000018 F6E4                        mul AH  ; AX = (d/2) * (c+b)
    27                                      
    28 0000001A 6689C3                      mov BX, AX ; BX = (d/2) * (c+b)
    29 0000001D A0[00000000]                mov AL, [a]
    30 00000022 F625[00000000]              mul BYTE [a] ; AX = a * a
    31                                      
    32 00000028 6629C3                      sub BX, AX  ;BX = (d/2) * (c+b) - a * a
    33                                       
    34 0000002B 6689D8                      mov AX, BX
    35 0000002E F635[01000000]              div BYTE [b]
    36                                      
    37                                  
    38                                      
    39 00000034 6A00                        push dword 0
    40 00000036 FF15[00000000]              call [exit]
