     1                                  ;(a+c)-(b+b+d)
     2                                  bits 32
     3                                  
     4                                  global start
     5                                  
     6                                  extern exit
     7                                  
     8                                  import exit msvcrt.dll
     9                                  
    10                                  segment data use32 class=data
    11 00000000 1400                        a dw 20
    12 00000002 0400                        b dw 4
    13 00000004 0A00                        c dw 10
    14 00000006 0500                        d dw 5
    15                                      
    16                                  segment code use32 class=code
    17                                  start:
    18 00000000 66A1[00000000]              mov ax, [a]
    19 00000006 660305[04000000]            add ax, [c]
    20                                      
    21 0000000D 668B1D[02000000]            mov bx, [b]
    22 00000014 66031D[02000000]            add bx, [b]
    23 0000001B 66031D[06000000]            add bx, [d]
    24                                      
    25 00000022 6629D8                      sub ax, bx
    26                                  
    27                                      
    28 00000025 6A00                        push dword 0
    29 00000027 FF15[00000000]              call [exit]
