     1                                  ;(a + c - d) + d - (b + b - c)
     2                                  
     3                                  bits 32
     4                                  
     5                                  global start
     6                                  
     7                                  extern exit
     8                                  
     9                                  import exit msvcrt.dll
    10                                  
    11                                  segment data use32 class=data
    12 00000000 0A                          a db 10
    13 00000001 04                          b db 4
    14 00000002 05                          c db 5
    15 00000003 14                          d db 20
    16                                      
    17                                      
    18                                  segment code use32 class=code
    19                                  start:
    20 00000000 A0[00000000]                mov al, [a];
    21 00000005 0205[02000000]              add al, [c];
    22 0000000B 2A05[03000000]              sub al, [d];
    23 00000011 0205[03000000]              add al, [d];
    24                                      
    25 00000017 8A25[01000000]              mov ah, [b];
    26 0000001D 0225[01000000]              add ah, [b];
    27 00000023 2A25[02000000]              sub ah, [c];
    28                                      
    29 00000029 28E0                        sub al, ah;
    30                                      
    31                                      
    32 0000002B 6A00                        push dword 0
    33 0000002D FF15[00000000]              call [exit]
