     1                                  ;(b-c)+(d-a)
     2                                  bits 32
     3                                  
     4                                  global start
     5                                  
     6                                  extern exit
     7                                  
     8                                  import exit msvcrt.dll
     9                                  
    10                                  segment data use32 class=data
    11 00000000 0A00                        a dw 10
    12 00000002 0400                        b dw 4
    13 00000004 0500                        c dw 5
    14 00000006 1400                        d dw 20
    15                                      
    16                                      
    17                                  segment code use32 class=code
    18                                  start:
    19 00000000 66A1[02000000]              mov ax, [b]
    20 00000006 662B05[04000000]            sub ax, [c]
    21                                      
    22 0000000D 668B1D[06000000]            mov bx, [d]
    23 00000014 662B1D[00000000]            sub bx, [a]
    24                                      
    25 0000001B 6601D8                      add ax, bx
    26                                      
    27 0000001E 6A00                        push dword 0
    28 00000020 FF15[00000000]              call [exit]
